#
# A fatal error has been detected by the Java Runtime Environment:
#
#  SIGSEGV (0xb) at pc=0x00000001041ad5ef, pid=1382, tid=0x0000000000005c03
#
# JRE version: Java(TM) SE Runtime Environment (8.0_162-b12) (build 1.8.0_162-b12)
# Java VM: Java HotSpot(TM) 64-Bit Server VM (25.162-b12 mixed mode bsd-amd64 compressed oops)
# Problematic frame:
# V  [libjvm.dylib+0x3ad5ef]  Klass::is_subtype_of(Klass*) const+0x7
#
# Failed to write core dump. Core dumps have been disabled. To enable core dumping, try "ulimit -c unlimited" before starting Java again
#
# If you would like to submit a bug report, please visit:
#   http://bugreport.java.com/bugreport/crash.jsp
#

---------------  T H R E A D  ---------------

Current thread (0x00007fe9d68da000):  JavaThread "background-preinit" [_thread_in_vm, id=23555, stack(0x0000700010bab000,0x0000700010cab000)]

siginfo: si_signo: 11 (SIGSEGV), si_code: 1 (SEGV_MAPERR), si_addr: 0x0000000000000018

Registers:
RAX=0x0000000000000018, RBX=0x0000700010caa470, RCX=0x00007fe9d6256738, RDX=0x00000007c01acdf8
RSP=0x0000700010caa100, RBP=0x0000700010caa100, RSI=0x00000007c01acdf8, RDI=0x0000000000000000
R8 =0x0000000000000000, R9 =0x0000000000000001, R10=0x00000001223093b8, R11=0x0000000110b58020
R12=0x00007fe9d68da000, R13=0x0000000122309560, R14=0x00007fe9d6256701, R15=0x0000700010caa688
RIP=0x00000001041ad5ef, EFLAGS=0x0000000000010246, ERR=0x0000000000000004
  TRAPNO=0x000000000000000e

Top of Stack: (sp=0x0000700010caa100)
0x0000700010caa100:   0000700010caa430 00000001041cf28b
0x0000700010caa110:   00000007c01ac598 0000700010caa688
0x0000700010caa120:   00000007c01acdf8 0000000000000000
0x0000700010caa130:   0000700010caa1b0 00000001041cb3e7
0x0000700010caa140:   00000007c01acdf8 00007fe9d784db80
0x0000700010caa150:   0000700010caa460 000000010440c21f
0x0000700010caa160:   00007fe9d6256590 00007fe9d6027090
0x0000700010caa170:   00007fe9d60270a0 00007fe9d6027478
0x0000700010caa180:   00000000000003d8 00007fe9d61306a0
0x0000700010caa190:   00000007c01acdf8 00007fe9d68da000
0x0000700010caa1a0:   00007fe9d784db80 0000700010caa460
0x0000700010caa1b0:   0000700010caa430 00000001041cc239
0x0000700010caa1c0:   00007fe9d68da000 0000700010caa230
0x0000700010caa1d0:   00000001d6256790 00000007c01ac598
0x0000700010caa1e0:   00007fe9d6256790 00000007c01acc08
0x0000700010caa1f0:   0000700010caa210 000000010433ac9c
0x0000700010caa200:   00007fe9d68da000 00007fe9d68da000
0x0000700010caa210:   0000000122309238 00007fe9d68da000
0x0000700010caa220:   0000000122309238 00007fe9d6256790
0x0000700010caa230:   0000000000000001 0000000000000101
0x0000700010caa240:   00007fe9d68da000 00007fe9d61305d8
0x0000700010caa250:   00000007c01acc08 0000000122309560
0x0000700010caa260:   00007fe9d68da000 0000000122309560
0x0000700010caa270:   0000700010caa290 00000001040e552e
0x0000700010caa280:   00000000ffffffff 00000000ffffffff
0x0000700010caa290:   0000700010caa2c0 000000010434611f
0x0000700010caa2a0:   0000000122309238 00007fe9d68da000
0x0000700010caa2b0:   0000000122309238 00000000ffffffff
0x0000700010caa2c0:   0000700010caa300 0000000103fac8e1
0x0000700010caa2d0:   0000000122309238 00007fe9d68da000
0x0000700010caa2e0:   0000000122309238 00000000ffffffff
0x0000700010caa2f0:   0000000122309238 0000000122309238 

Instructions: (pc=0x00000001041ad5ef)
0x00000001041ad5cf:   41 5c 41 5d 41 5e 41 5f 5d c3 49 8b 7d 08 4c 89
0x00000001041ad5df:   e6 e8 63 8e fd ff eb e1 90 55 48 89 e5 8b 46 0c
0x00000001041ad5ef:   48 39 34 07 75 04 b0 01 eb 0e 83 f8 18 74 04 30
0x00000001041ad5ff:   c0 eb 05 e8 09 2d 00 00 0f b6 c0 5d c3 55 48 89 

Register to memory mapping:

RAX=0x0000000000000018 is an unknown value
RBX=0x0000700010caa470 is pointing into the stack for thread: 0x00007fe9d68da000
RCX=0x00007fe9d6256738 is an unknown value
RDX=0x00000007c01acdf8 is pointing into metadata
RSP=0x0000700010caa100 is pointing into the stack for thread: 0x00007fe9d68da000
RBP=0x0000700010caa100 is pointing into the stack for thread: 0x00007fe9d68da000
RSI=0x00000007c01acdf8 is pointing into metadata
RDI=0x0000000000000000 is an unknown value
R8 =0x0000000000000000 is an unknown value
R9 =0x0000000000000001 is an unknown value
R10=0x00000001223093b8 is pointing into metadata
R11=0x0000000110b58020 is at entry_point+32 in (nmethod*)0x0000000110b57e10
R12=0x00007fe9d68da000 is a thread
R13={method} {0x0000000122309560} 'configure' '()Ljavax/validation/Configuration;' in 'javax/validation/bootstrap/GenericBootstrap'
R14=0x00007fe9d6256701 is an unknown value
R15=0x0000700010caa688 is pointing into the stack for thread: 0x00007fe9d68da000


Stack: [0x0000700010bab000,0x0000700010cab000],  sp=0x0000700010caa100,  free space=1020k
Native frames: (J=compiled Java code, j=interpreted, Vv=VM code, C=native code)
V  [libjvm.dylib+0x3ad5ef]  Klass::is_subtype_of(Klass*) const+0x7
V  [libjvm.dylib+0x3cf28b]  LinkResolver::runtime_resolve_interface_method(CallInfo&, methodHandle, KlassHandle, Handle, KlassHandle, bool, Thread*)+0x7b
V  [libjvm.dylib+0x3cfae5]  LinkResolver::resolve_interface_call(CallInfo&, Handle, KlassHandle, KlassHandle, Symbol*, Symbol*, KlassHandle, bool, bool, Thread*)+0xd1
V  [libjvm.dylib+0x3cfc99]  LinkResolver::resolve_invokeinterface(CallInfo&, Handle, constantPoolHandle, int, Thread*)+0x143
V  [libjvm.dylib+0x3d0d11]  LinkResolver::resolve_invoke(CallInfo&, Handle, constantPoolHandle, int, Bytecodes::Code, Thread*)+0x3d1
V  [libjvm.dylib+0x2e9ae2]  InterpreterRuntime::resolve_invoke(JavaThread*, Bytecodes::Code)+0x364
j  org.springframework.boot.autoconfigure.BackgroundPreinitializer$ValidationInitializer.run()V+3
j  org.springframework.boot.autoconfigure.BackgroundPreinitializer$1.runSafely(Ljava/lang/Runnable;)V+1
j  org.springframework.boot.autoconfigure.BackgroundPreinitializer$1.run()V+21
j  java.lang.Thread.run()V+11
v  ~StubRoutines::call_stub
V  [libjvm.dylib+0x2ef6ce]  JavaCalls::call_helper(JavaValue*, methodHandle*, JavaCallArguments*, Thread*)+0x6ae
V  [libjvm.dylib+0x2efe72]  JavaCalls::call_virtual(JavaValue*, KlassHandle, Symbol*, Symbol*, JavaCallArguments*, Thread*)+0x164
V  [libjvm.dylib+0x2f001e]  JavaCalls::call_virtual(JavaValue*, Handle, KlassHandle, Symbol*, Symbol*, Thread*)+0x4a
V  [libjvm.dylib+0x34a815]  thread_entry(JavaThread*, Thread*)+0x7c
V  [libjvm.dylib+0x56ed0f]  JavaThread::thread_main_inner()+0x9b
V  [libjvm.dylib+0x57040a]  JavaThread::run()+0x1c2
V  [libjvm.dylib+0x48d672]  java_start(Thread*)+0xf6
C  [libsystem_pthread.dylib+0x3661]  _pthread_body+0x154
C  [libsystem_pthread.dylib+0x350d]  _pthread_body+0x0
C  [libsystem_pthread.dylib+0x2bf9]  thread_start+0xd
C  0x0000000000000000

Java frames: (J=compiled Java code, j=interpreted, Vv=VM code)
j  org.springframework.boot.autoconfigure.BackgroundPreinitializer$ValidationInitializer.run()V+3
j  org.springframework.boot.autoconfigure.BackgroundPreinitializer$1.runSafely(Ljava/lang/Runnable;)V+1
j  org.springframework.boot.autoconfigure.BackgroundPreinitializer$1.run()V+21
j  java.lang.Thread.run()V+11
v  ~StubRoutines::call_stub

---------------  P R O C E S S  ---------------

Java Threads: ( => current thread )
  0x00007fe9d5b17000 JavaThread "RMI Scheduler(0)" daemon [_thread_blocked, id=40963, stack(0x0000700010eb4000,0x0000700010fb4000)]
  0x00007fe9d5100800 JavaThread "RMI TCP Connection(2)-127.0.0.1" daemon [_thread_in_native, id=24067, stack(0x0000700010db1000,0x0000700010eb1000)]
  0x00007fe9d68d5800 JavaThread "RMI TCP Connection(1)-127.0.0.1" daemon [_thread_in_native, id=41731, stack(0x0000700010cae000,0x0000700010dae000)]
=>0x00007fe9d68da000 JavaThread "background-preinit" [_thread_in_vm, id=23555, stack(0x0000700010bab000,0x0000700010cab000)]
  0x00007fe9d8136000 JavaThread "RMI TCP Accept-0" daemon [_thread_in_native, id=22787, stack(0x00007000109a5000,0x0000700010aa5000)]
  0x00007fe9d5b08000 JavaThread "RMI TCP Accept-50227" daemon [_thread_in_native, id=22531, stack(0x00007000108a2000,0x00007000109a2000)]
  0x00007fe9d7839800 JavaThread "RMI TCP Accept-0" daemon [_thread_in_native, id=42755, stack(0x000070001079f000,0x000070001089f000)]
  0x00007fe9d480c800 JavaThread "Service Thread" daemon [_thread_blocked, id=43267, stack(0x000070001069c000,0x000070001079c000)]
  0x00007fe9d7811000 JavaThread "C1 CompilerThread3" daemon [_thread_blocked, id=22019, stack(0x0000700010599000,0x0000700010699000)]
  0x00007fe9d8006800 JavaThread "C2 CompilerThread2" daemon [_thread_blocked, id=16131, stack(0x0000700010496000,0x0000700010596000)]
  0x00007fe9d68b2800 JavaThread "C2 CompilerThread1" daemon [_thread_blocked, id=15619, stack(0x0000700010393000,0x0000700010493000)]
  0x00007fe9d70a7000 JavaThread "C2 CompilerThread0" daemon [_thread_blocked, id=16643, stack(0x0000700010290000,0x0000700010390000)]
  0x00007fe9d6825800 JavaThread "JDWP Command Reader" daemon [_thread_in_native, id=15363, stack(0x000070001018d000,0x000070001028d000)]
  0x00007fe9d401c000 JavaThread "JDWP Event Helper Thread" daemon [_thread_blocked, id=15107, stack(0x000070001008a000,0x000070001018a000)]
  0x00007fe9d8006000 JavaThread "JDWP Transport Listener: dt_socket" daemon [_thread_blocked, id=14599, stack(0x000070000ff87000,0x0000700010087000)]
  0x00007fe9d4812000 JavaThread "Signal Dispatcher" daemon [_thread_blocked, id=14087, stack(0x000070000fe84000,0x000070000ff84000)]
  0x00007fe9d4804000 JavaThread "Finalizer" daemon [_thread_blocked, id=19203, stack(0x000070000fd81000,0x000070000fe81000)]
  0x00007fe9d683d000 JavaThread "Reference Handler" daemon [_thread_blocked, id=19715, stack(0x000070000fc7e000,0x000070000fd7e000)]
  0x00007fe9d5805000 JavaThread "main" [_thread_in_Java, id=9475, stack(0x000070000f260000,0x000070000f360000)]

Other Threads:
  0x00007fe9d7801000 VMThread [stack: 0x000070000fb7b000,0x000070000fc7b000] [id=20227]
  0x00007fe9d4037800 WatcherThread [stack: 0x0000700010aa8000,0x0000700010ba8000] [id=41987]

VM state:not at safepoint (normal execution)

VM Mutex/Monitor currently owned by a thread: None

Heap:
 PSYoungGen      total 76288K, used 60382K [0x000000076ab00000, 0x0000000770000000, 0x00000007c0000000)
  eden space 65536K, 92% used [0x000000076ab00000,0x000000076e5f7820,0x000000076eb00000)
  from space 10752K, 0% used [0x000000076f580000,0x000000076f580000,0x0000000770000000)
  to   space 10752K, 0% used [0x000000076eb00000,0x000000076eb00000,0x000000076f580000)
 ParOldGen       total 175104K, used 0K [0x00000006c0000000, 0x00000006cab00000, 0x000000076ab00000)
  object space 175104K, 0% used [0x00000006c0000000,0x00000006c0000000,0x00000006cab00000)
 Metaspace       used 13206K, capacity 13578K, committed 13824K, reserved 1060864K
  class space    used 1631K, capacity 1769K, committed 1792K, reserved 1048576K

Card table byte_map: [0x0000000105271000,0x0000000105a72000] byte_map_base: 0x0000000101c71000

Marking Bits: (ParMarkBitMap*) 0x00000001046f76c0
 Begin Bits: [0x0000000105fc8000, 0x0000000109fc8000)
 End Bits:   [0x0000000109fc8000, 0x000000010dfc8000)

Polling page: 0x0000000102dd6000

CodeCache: size=245760Kb used=2753Kb max_used=2753Kb free=243006Kb
 bounds [0x000000011093a000, 0x0000000110bfa000, 0x000000011f93a000]
 total_blobs=1398 nmethods=1041 adapters=278
 compilation: enabled

Compilation events (10 events):
Event: 1.121 Thread 0x00007fe9d7811000 1029       1       java.lang.invoke.LambdaForm$MH/20049680::linkToTargetMethod (10 bytes)
Event: 1.121 Thread 0x00007fe9d7811000 nmethod 1029 0x0000000110be53d0 code [0x0000000110be5540, 0x0000000110be56b8]
Event: 1.121 Thread 0x00007fe9d7811000 1030       1       java.lang.invoke.LambdaForm$DMH/2003891312::invokeStatic_LI_L (15 bytes)
Event: 1.121 Thread 0x00007fe9d7811000 nmethod 1030 0x0000000110be5790 code [0x0000000110be5900, 0x0000000110be5a78]
Event: 1.122 Thread 0x00007fe9d7811000 1031       1       java.util.RegularEnumSet::<init> (12 bytes)
Event: 1.122 Thread 0x00007fe9d7811000 nmethod 1031 0x0000000110be5b50 code [0x0000000110be5ca0, 0x0000000110be5df0]
Event: 1.122 Thread 0x00007fe9d7811000 1033       1       java.util.EnumSet::of (51 bytes)
Event: 1.122 Thread 0x00007fe9d7811000 nmethod 1033 0x0000000110be5e90 code [0x0000000110be6020, 0x0000000110be6238]
Event: 1.122 Thread 0x00007fe9d7811000 1032       1       java.util.EnumSet::<init> (15 bytes)
Event: 1.123 Thread 0x00007fe9d7811000 nmethod 1032 0x0000000110be6410 code [0x0000000110be6560, 0x0000000110be6690]

GC Heap History (0 events):
No events

Deoptimization events (0 events):
No events

Classes redefined (0 events):
No events

Internal exceptions (10 events):
Event: 1.118 Thread 0x00007fe9d68da000 Exception <a 'java/lang/ArrayIndexOutOfBoundsException'> (0x000000076e3d0060) thrown at [/Users/java_re/workspace/8-2-build-macosx-x86_64/jdk8u162/10278/hotspot/src/share/vm/runtime/sharedRuntime.cpp, line 605]
Event: 1.118 Thread 0x00007fe9d5805000 Exception <a 'java/lang/ArrayIndexOutOfBoundsException'> (0x000000076e05bbc0) thrown at [/Users/java_re/workspace/8-2-build-macosx-x86_64/jdk8u162/10278/hotspot/src/share/vm/runtime/sharedRuntime.cpp, line 605]
Event: 1.119 Thread 0x00007fe9d68da000 Exception <a 'java/lang/ArrayIndexOutOfBoundsException'> (0x000000076e3ff028) thrown at [/Users/java_re/workspace/8-2-build-macosx-x86_64/jdk8u162/10278/hotspot/src/share/vm/runtime/sharedRuntime.cpp, line 605]
Event: 1.119 Thread 0x00007fe9d5805000 Exception <a 'java/lang/ArrayIndexOutOfBoundsException'> (0x000000076e05f9b0) thrown at [/Users/java_re/workspace/8-2-build-macosx-x86_64/jdk8u162/10278/hotspot/src/share/vm/runtime/sharedRuntime.cpp, line 605]
Event: 1.120 Thread 0x00007fe9d68da000 Exception <a 'java/lang/ArrayIndexOutOfBoundsException'> (0x000000076e420318) thrown at [/Users/java_re/workspace/8-2-build-macosx-x86_64/jdk8u162/10278/hotspot/src/share/vm/runtime/sharedRuntime.cpp, line 605]
Event: 1.120 Thread 0x00007fe9d5805000 Exception <a 'java/lang/ArrayIndexOutOfBoundsException'> (0x000000076e061bb8) thrown at [/Users/java_re/workspace/8-2-build-macosx-x86_64/jdk8u162/10278/hotspot/src/share/vm/runtime/sharedRuntime.cpp, line 605]
Event: 1.121 Thread 0x00007fe9d68da000 Exception <a 'java/lang/ArrayIndexOutOfBoundsException'> (0x000000076e422ce0) thrown at [/Users/java_re/workspace/8-2-build-macosx-x86_64/jdk8u162/10278/hotspot/src/share/vm/runtime/sharedRuntime.cpp, line 605]
Event: 1.121 Thread 0x00007fe9d5805000 Exception <a 'java/lang/ArrayIndexOutOfBoundsException'> (0x000000076e079c38) thrown at [/Users/java_re/workspace/8-2-build-macosx-x86_64/jdk8u162/10278/hotspot/src/share/vm/runtime/sharedRuntime.cpp, line 605]
Event: 1.122 Thread 0x00007fe9d5805000 Exception <a 'java/lang/ArrayIndexOutOfBoundsException'> (0x000000076e082ea8) thrown at [/Users/java_re/workspace/8-2-build-macosx-x86_64/jdk8u162/10278/hotspot/src/share/vm/runtime/sharedRuntime.cpp, line 605]
Event: 1.123 Thread 0x00007fe9d5805000 Exception <a 'java/lang/ArrayIndexOutOfBoundsException'> (0x000000076e08c748) thrown at [/Users/java_re/workspace/8-2-build-macosx-x86_64/jdk8u162/10278/hotspot/src/share/vm/runtime/sharedRuntime.cpp, line 605]

Events (10 events):
Event: 1.123 Thread 0x00007fe9d68da000 DEOPT PACKING pc=0x0000000110b05f0c sp=0x0000700010ca93c0
Event: 1.123 Thread 0x00007fe9d68da000 DEOPT UNPACKING pc=0x0000000110981784 sp=0x0000700010ca9200 mode 1
Event: 1.123 loading class org/springframework/boot/convert/IsoOffsetFormatter
Event: 1.123 loading class org/springframework/boot/convert/IsoOffsetFormatter done
Event: 1.123 Thread 0x00007fe9d5805000 DEOPT PACKING pc=0x0000000110b41d51 sp=0x000070000f35d290
Event: 1.123 Thread 0x00007fe9d5805000 DEOPT UNPACKING pc=0x0000000110981784 sp=0x000070000f35d000 mode 1
Event: 1.123 Thread 0x00007fe9d5805000 DEOPT PACKING pc=0x0000000110b05fc4 sp=0x000070000f35d310
Event: 1.123 Thread 0x00007fe9d5805000 DEOPT UNPACKING pc=0x0000000110981784 sp=0x000070000f35d150 mode 1
Event: 1.123 Thread 0x00007fe9d5805000 DEOPT PACKING pc=0x0000000110b05f0c sp=0x000070000f35d4a0
Event: 1.123 Thread 0x00007fe9d5805000 DEOPT UNPACKING pc=0x0000000110981784 sp=0x000070000f35d2e0 mode 1


Dynamic libraries:
0x0000000001765000 	/System/Library/Frameworks/Cocoa.framework/Versions/A/Cocoa
0x0000000001765000 	/System/Library/Frameworks/Security.framework/Versions/A/Security
0x0000000001765000 	/System/Library/Frameworks/ApplicationServices.framework/Versions/A/ApplicationServices
0x0000000001765000 	/usr/lib/libz.1.dylib
0x0000000001765000 	/usr/lib/libSystem.B.dylib
0x0000000001765000 	/usr/lib/libobjc.A.dylib
0x0000000001765000 	/System/Library/Frameworks/CoreFoundation.framework/Versions/A/CoreFoundation
0x0000000001765000 	/System/Library/Frameworks/Foundation.framework/Versions/C/Foundation
0x0000000001765000 	/System/Library/Frameworks/AppKit.framework/Versions/C/AppKit
0x0000000001765000 	/System/Library/Frameworks/CoreData.framework/Versions/A/CoreData
0x0000000001765000 	/System/Library/PrivateFrameworks/RemoteViewServices.framework/Versions/A/RemoteViewServices
0x0000000001765000 	/System/Library/PrivateFrameworks/UIFoundation.framework/Versions/A/UIFoundation
0x0000000001765000 	/System/Library/PrivateFrameworks/DFRFoundation.framework/Versions/A/DFRFoundation
0x0000000001765000 	/System/Library/Frameworks/Metal.framework/Versions/A/Metal
0x0000000001765000 	/System/Library/PrivateFrameworks/DesktopServicesPriv.framework/Versions/A/DesktopServicesPriv
0x0000000001765000 	/usr/lib/libenergytrace.dylib
0x0000000001765000 	/System/Library/PrivateFrameworks/SkyLight.framework/Versions/A/SkyLight
0x0000000001765000 	/System/Library/Frameworks/CoreGraphics.framework/Versions/A/CoreGraphics
0x0000000001765000 	/usr/lib/libScreenReader.dylib
0x0000000001765000 	/System/Library/Frameworks/Accelerate.framework/Versions/A/Accelerate
0x0000000001765000 	/System/Library/Frameworks/IOSurface.framework/Versions/A/IOSurface
0x0000000001765000 	/System/Library/Frameworks/AudioToolbox.framework/Versions/A/AudioToolbox
0x0000000001765000 	/System/Library/Frameworks/AudioUnit.framework/Versions/A/AudioUnit
0x0000000001765000 	/System/Library/PrivateFrameworks/DataDetectorsCore.framework/Versions/A/DataDetectorsCore
0x0000000001765000 	/System/Library/Frameworks/Carbon.framework/Versions/A/Frameworks/HIToolbox.framework/Versions/A/HIToolbox
0x0000000001765000 	/usr/lib/libicucore.A.dylib
0x0000000001765000 	/System/Library/Frameworks/QuartzCore.framework/Versions/A/QuartzCore
0x0000000001765000 	/System/Library/PrivateFrameworks/SignpostNotification.framework/Versions/A/SignpostNotification
0x0000000001765000 	/System/Library/Frameworks/Carbon.framework/Versions/A/Frameworks/SpeechRecognition.framework/Versions/A/SpeechRecognition
0x0000000001765000 	/usr/lib/libauto.dylib
0x0000000001765000 	/usr/lib/libxml2.2.dylib
0x0000000001765000 	/System/Library/PrivateFrameworks/CoreUI.framework/Versions/A/CoreUI
0x0000000001765000 	/System/Library/Frameworks/CoreAudio.framework/Versions/A/CoreAudio
0x0000000001765000 	/System/Library/Frameworks/DiskArbitration.framework/Versions/A/DiskArbitration
0x0000000001765000 	/usr/lib/liblangid.dylib
0x0000000001765000 	/System/Library/PrivateFrameworks/MultitouchSupport.framework/Versions/A/MultitouchSupport
0x0000000001765000 	/System/Library/Frameworks/IOKit.framework/Versions/A/IOKit
0x0000000001765000 	/usr/lib/libDiagnosticMessagesClient.dylib
0x0000000001765000 	/System/Library/Frameworks/CoreServices.framework/Versions/A/CoreServices
0x0000000001765000 	/System/Library/PrivateFrameworks/PerformanceAnalysis.framework/Versions/A/PerformanceAnalysis
0x0000000001765000 	/System/Library/Frameworks/OpenGL.framework/Versions/A/OpenGL
0x0000000001765000 	/System/Library/Frameworks/ColorSync.framework/Versions/A/ColorSync
0x0000000001765000 	/System/Library/Frameworks/CoreImage.framework/Versions/A/CoreImage
0x0000000001765000 	/System/Library/Frameworks/CoreText.framework/Versions/A/CoreText
0x0000000001765000 	/System/Library/Frameworks/ImageIO.framework/Versions/A/ImageIO
0x0000000001765000 	/System/Library/PrivateFrameworks/Backup.framework/Versions/A/Backup
0x0000000001765000 	/usr/lib/libarchive.2.dylib
0x0000000001765000 	/System/Library/Frameworks/CFNetwork.framework/Versions/A/CFNetwork
0x0000000001765000 	/System/Library/Frameworks/SystemConfiguration.framework/Versions/A/SystemConfiguration
0x0000000001765000 	/usr/lib/libCRFSuite.dylib
0x0000000001765000 	/usr/lib/libc++.1.dylib
0x0000000001765000 	/usr/lib/libc++abi.dylib
0x0000000001765000 	/usr/lib/system/libcache.dylib
0x0000000001765000 	/usr/lib/system/libcommonCrypto.dylib
0x0000000001765000 	/usr/lib/system/libcompiler_rt.dylib
0x0000000001765000 	/usr/lib/system/libcopyfile.dylib
0x0000000001765000 	/usr/lib/system/libcorecrypto.dylib
0x0000000001765000 	/usr/lib/system/libdispatch.dylib
0x0000000001765000 	/usr/lib/system/libdyld.dylib
0x0000000001765000 	/usr/lib/system/libkeymgr.dylib
0x0000000001765000 	/usr/lib/system/liblaunch.dylib
0x0000000001765000 	/usr/lib/system/libmacho.dylib
0x0000000001765000 	/usr/lib/system/libquarantine.dylib
0x0000000001765000 	/usr/lib/system/libremovefile.dylib
0x0000000001765000 	/usr/lib/system/libsystem_asl.dylib
0x0000000001765000 	/usr/lib/system/libsystem_blocks.dylib
0x0000000001765000 	/usr/lib/system/libsystem_c.dylib
0x0000000001765000 	/usr/lib/system/libsystem_configuration.dylib
0x0000000001765000 	/usr/lib/system/libsystem_coreservices.dylib
0x0000000001765000 	/usr/lib/system/libsystem_darwin.dylib
0x0000000001765000 	/usr/lib/system/libsystem_dnssd.dylib
0x0000000001765000 	/usr/lib/system/libsystem_info.dylib
0x0000000001765000 	/usr/lib/system/libsystem_m.dylib
0x0000000001765000 	/usr/lib/system/libsystem_malloc.dylib
0x0000000001765000 	/usr/lib/system/libsystem_network.dylib
0x0000000001765000 	/usr/lib/system/libsystem_networkextension.dylib
0x0000000001765000 	/usr/lib/system/libsystem_notify.dylib
0x0000000001765000 	/usr/lib/system/libsystem_sandbox.dylib
0x0000000001765000 	/usr/lib/system/libsystem_secinit.dylib
0x0000000001765000 	/usr/lib/system/libsystem_kernel.dylib
0x0000000001765000 	/usr/lib/system/libsystem_platform.dylib
0x0000000001765000 	/usr/lib/system/libsystem_pthread.dylib
0x0000000001765000 	/usr/lib/system/libsystem_symptoms.dylib
0x0000000001765000 	/usr/lib/system/libsystem_trace.dylib
0x0000000001765000 	/usr/lib/system/libunwind.dylib
0x0000000001765000 	/usr/lib/system/libxpc.dylib
0x0000000001765000 	/usr/lib/closure/libclosured.dylib
0x0000000001765000 	/usr/lib/libbsm.0.dylib
0x0000000001765000 	/usr/lib/system/libkxld.dylib
0x0000000001765000 	/usr/lib/libOpenScriptingUtil.dylib
0x0000000001765000 	/usr/lib/libcoretls.dylib
0x0000000001765000 	/usr/lib/libcoretls_cfhelpers.dylib
0x0000000001765000 	/usr/lib/libpam.2.dylib
0x0000000001765000 	/usr/lib/libsqlite3.dylib
0x0000000001765000 	/usr/lib/libxar.1.dylib
0x0000000001765000 	/usr/lib/libbz2.1.0.dylib
0x0000000001765000 	/usr/lib/liblzma.5.dylib
0x0000000001765000 	/usr/lib/libnetwork.dylib
0x0000000001765000 	/usr/lib/libapple_nghttp2.dylib
0x0000000001765000 	/usr/lib/libpcap.A.dylib
0x0000000001765000 	/usr/lib/libboringssl.dylib
0x0000000001765000 	/usr/lib/libusrtcp.dylib
0x0000000001765000 	/usr/lib/libapple_crypto.dylib
0x0000000001765000 	/System/Library/Frameworks/CoreServices.framework/Versions/A/Frameworks/FSEvents.framework/Versions/A/FSEvents
0x0000000001765000 	/System/Library/Frameworks/CoreServices.framework/Versions/A/Frameworks/CarbonCore.framework/Versions/A/CarbonCore
0x0000000001765000 	/System/Library/Frameworks/CoreServices.framework/Versions/A/Frameworks/Metadata.framework/Versions/A/Metadata
0x0000000001765000 	/System/Library/Frameworks/CoreServices.framework/Versions/A/Frameworks/OSServices.framework/Versions/A/OSServices
0x0000000001765000 	/System/Library/Frameworks/CoreServices.framework/Versions/A/Frameworks/SearchKit.framework/Versions/A/SearchKit
0x0000000001765000 	/System/Library/Frameworks/CoreServices.framework/Versions/A/Frameworks/AE.framework/Versions/A/AE
0x0000000001765000 	/System/Library/Frameworks/CoreServices.framework/Versions/A/Frameworks/LaunchServices.framework/Versions/A/LaunchServices
0x0000000001765000 	/System/Library/Frameworks/CoreServices.framework/Versions/A/Frameworks/DictionaryServices.framework/Versions/A/DictionaryServices
0x0000000001765000 	/System/Library/Frameworks/CoreServices.framework/Versions/A/Frameworks/SharedFileList.framework/Versions/A/SharedFileList
0x0000000001765000 	/System/Library/Frameworks/NetFS.framework/Versions/A/NetFS
0x0000000001765000 	/System/Library/PrivateFrameworks/NetAuth.framework/Versions/A/NetAuth
0x0000000001765000 	/System/Library/PrivateFrameworks/login.framework/Versions/A/Frameworks/loginsupport.framework/Versions/A/loginsupport
0x0000000001765000 	/System/Library/PrivateFrameworks/TCC.framework/Versions/A/TCC
0x0000000001765000 	/usr/lib/libmecabra.dylib
0x0000000001765000 	/System/Library/Frameworks/ApplicationServices.framework/Versions/A/Frameworks/ATS.framework/Versions/A/ATS
0x0000000001765000 	/System/Library/Frameworks/ApplicationServices.framework/Versions/A/Frameworks/ColorSyncLegacy.framework/Versions/A/ColorSyncLegacy
0x0000000001765000 	/System/Library/Frameworks/ApplicationServices.framework/Versions/A/Frameworks/HIServices.framework/Versions/A/HIServices
0x0000000001765000 	/System/Library/Frameworks/ApplicationServices.framework/Versions/A/Frameworks/LangAnalysis.framework/Versions/A/LangAnalysis
0x0000000001765000 	/System/Library/Frameworks/ApplicationServices.framework/Versions/A/Frameworks/PrintCore.framework/Versions/A/PrintCore
0x0000000001765000 	/System/Library/Frameworks/ApplicationServices.framework/Versions/A/Frameworks/QD.framework/Versions/A/QD
0x0000000001765000 	/System/Library/Frameworks/ApplicationServices.framework/Versions/A/Frameworks/SpeechSynthesis.framework/Versions/A/SpeechSynthesis
0x0000000001765000 	/System/Library/Frameworks/CoreDisplay.framework/Versions/A/CoreDisplay
0x0000000001765000 	/System/Library/Frameworks/Accelerate.framework/Versions/A/Frameworks/vImage.framework/Versions/A/vImage
0x0000000001765000 	/System/Library/Frameworks/Accelerate.framework/Versions/A/Frameworks/vecLib.framework/Versions/A/vecLib
0x0000000001765000 	/System/Library/Frameworks/Accelerate.framework/Versions/A/Frameworks/vecLib.framework/Versions/A/libvDSP.dylib
0x0000000001765000 	/System/Library/Frameworks/Accelerate.framework/Versions/A/Frameworks/vecLib.framework/Versions/A/libBNNS.dylib
0x0000000001765000 	/System/Library/Frameworks/Accelerate.framework/Versions/A/Frameworks/vecLib.framework/Versions/A/libQuadrature.dylib
0x0000000001765000 	/System/Library/Frameworks/Accelerate.framework/Versions/A/Frameworks/vecLib.framework/Versions/A/libvMisc.dylib
0x0000000001765000 	/System/Library/Frameworks/Accelerate.framework/Versions/A/Frameworks/vecLib.framework/Versions/A/libLAPACK.dylib
0x0000000001765000 	/System/Library/Frameworks/Accelerate.framework/Versions/A/Frameworks/vecLib.framework/Versions/A/libBLAS.dylib
0x0000000001765000 	/System/Library/Frameworks/Accelerate.framework/Versions/A/Frameworks/vecLib.framework/Versions/A/libLinearAlgebra.dylib
0x0000000001765000 	/System/Library/Frameworks/Accelerate.framework/Versions/A/Frameworks/vecLib.framework/Versions/A/libSparse.dylib
0x0000000001765000 	/System/Library/Frameworks/Accelerate.framework/Versions/A/Frameworks/vecLib.framework/Versions/A/libSparseBLAS.dylib
0x0000000001765000 	/System/Library/PrivateFrameworks/GPUWrangler.framework/Versions/A/GPUWrangler
0x0000000001765000 	/System/Library/PrivateFrameworks/IOAccelerator.framework/Versions/A/IOAccelerator
0x0000000001765000 	/System/Library/PrivateFrameworks/IOPresentment.framework/Versions/A/IOPresentment
0x0000000001765000 	/System/Library/PrivateFrameworks/DSExternalDisplay.framework/Versions/A/DSExternalDisplay
0x0000000001765000 	/System/Library/Frameworks/OpenGL.framework/Versions/A/Libraries/libCoreFSCache.dylib
0x0000000001765000 	/System/Library/Frameworks/CoreVideo.framework/Versions/A/CoreVideo
0x0000000001765000 	/System/Library/PrivateFrameworks/GraphVisualizer.framework/Versions/A/GraphVisualizer
0x0000000001765000 	/System/Library/Frameworks/MetalPerformanceShaders.framework/Versions/A/MetalPerformanceShaders
0x0000000001765000 	/usr/lib/libFosl_dynamic.dylib
0x0000000001765000 	/System/Library/PrivateFrameworks/FaceCore.framework/Versions/A/FaceCore
0x0000000001765000 	/System/Library/Frameworks/OpenCL.framework/Versions/A/OpenCL
0x0000000001765000 	/usr/lib/libcompression.dylib
0x0000000001765000 	/System/Library/Frameworks/ApplicationServices.framework/Versions/A/Frameworks/ATS.framework/Versions/A/Resources/libFontParser.dylib
0x0000000001765000 	/System/Library/Frameworks/ApplicationServices.framework/Versions/A/Frameworks/ATS.framework/Versions/A/Resources/libFontRegistry.dylib
0x0000000001765000 	/System/Library/Frameworks/ImageIO.framework/Versions/A/Resources/libJPEG.dylib
0x0000000001765000 	/System/Library/Frameworks/ImageIO.framework/Versions/A/Resources/libTIFF.dylib
0x0000000001765000 	/System/Library/Frameworks/ImageIO.framework/Versions/A/Resources/libPng.dylib
0x0000000001765000 	/System/Library/Frameworks/ImageIO.framework/Versions/A/Resources/libGIF.dylib
0x0000000001765000 	/System/Library/Frameworks/ImageIO.framework/Versions/A/Resources/libJP2.dylib
0x0000000001765000 	/System/Library/Frameworks/ImageIO.framework/Versions/A/Resources/libRadiance.dylib
0x0000000001765000 	/System/Library/PrivateFrameworks/AppleJPEG.framework/Versions/A/AppleJPEG
0x0000000001765000 	/System/Library/Frameworks/MetalPerformanceShaders.framework/Frameworks/MPSCore.framework/Versions/A/MPSCore
0x0000000001765000 	/System/Library/Frameworks/MetalPerformanceShaders.framework/Frameworks/MPSImage.framework/Versions/A/MPSImage
0x0000000001765000 	/System/Library/Frameworks/MetalPerformanceShaders.framework/Frameworks/MPSNeuralNetwork.framework/Versions/A/MPSNeuralNetwork
0x0000000001765000 	/System/Library/Frameworks/MetalPerformanceShaders.framework/Frameworks/MPSMatrix.framework/Versions/A/MPSMatrix
0x0000000001765000 	/System/Library/PrivateFrameworks/MetalTools.framework/Versions/A/MetalTools
0x0000000001765000 	/System/Library/Frameworks/OpenGL.framework/Versions/A/Libraries/libGLU.dylib
0x0000000001765000 	/System/Library/Frameworks/OpenGL.framework/Versions/A/Libraries/libGFXShared.dylib
0x0000000001765000 	/System/Library/Frameworks/OpenGL.framework/Versions/A/Libraries/libGL.dylib
0x0000000001765000 	/System/Library/Frameworks/OpenGL.framework/Versions/A/Libraries/libGLImage.dylib
0x0000000001765000 	/System/Library/Frameworks/OpenGL.framework/Versions/A/Libraries/libCVMSPluginSupport.dylib
0x0000000001765000 	/System/Library/Frameworks/OpenGL.framework/Versions/A/Libraries/libCoreVMClient.dylib
0x0000000001765000 	/usr/lib/libcups.2.dylib
0x0000000001765000 	/System/Library/Frameworks/Kerberos.framework/Versions/A/Kerberos
0x0000000001765000 	/System/Library/Frameworks/GSS.framework/Versions/A/GSS
0x0000000001765000 	/usr/lib/libresolv.9.dylib
0x0000000001765000 	/usr/lib/libiconv.2.dylib
0x0000000001765000 	/System/Library/PrivateFrameworks/Heimdal.framework/Versions/A/Heimdal
0x0000000001765000 	/usr/lib/libheimdal-asn1.dylib
0x0000000001765000 	/System/Library/Frameworks/OpenDirectory.framework/Versions/A/OpenDirectory
0x0000000001765000 	/System/Library/PrivateFrameworks/CommonAuth.framework/Versions/A/CommonAuth
0x0000000001765000 	/System/Library/Frameworks/OpenDirectory.framework/Versions/A/Frameworks/CFOpenDirectory.framework/Versions/A/CFOpenDirectory
0x0000000001765000 	/System/Library/Frameworks/SecurityFoundation.framework/Versions/A/SecurityFoundation
0x0000000001765000 	/System/Library/PrivateFrameworks/APFS.framework/Versions/A/APFS
0x0000000001765000 	/usr/lib/libutil.dylib
0x0000000001765000 	/System/Library/PrivateFrameworks/AppleSauce.framework/Versions/A/AppleSauce
0x0000000001765000 	/System/Library/PrivateFrameworks/LinguisticData.framework/Versions/A/LinguisticData
0x0000000001765000 	/usr/lib/libmarisa.dylib
0x0000000001765000 	/System/Library/PrivateFrameworks/Lexicon.framework/Versions/A/Lexicon
0x0000000001765000 	/usr/lib/libChineseTokenizer.dylib
0x0000000001765000 	/usr/lib/libcmph.dylib
0x0000000001765000 	/System/Library/PrivateFrameworks/LanguageModeling.framework/Versions/A/LanguageModeling
0x0000000001765000 	/System/Library/PrivateFrameworks/CoreEmoji.framework/Versions/A/CoreEmoji
0x0000000001765000 	/System/Library/Frameworks/ServiceManagement.framework/Versions/A/ServiceManagement
0x0000000001765000 	/System/Library/PrivateFrameworks/BackgroundTaskManagement.framework/Versions/A/BackgroundTaskManagement
0x0000000001765000 	/usr/lib/libxslt.1.dylib
0x0000000001765000 	/System/Library/Frameworks/Carbon.framework/Versions/A/Frameworks/Ink.framework/Versions/A/Ink
0x0000000001765000 	/System/Library/PrivateFrameworks/TextureIO.framework/Versions/A/TextureIO
0x0000000001765000 	/usr/lib/libate.dylib
0x0000000001765000 	/System/Library/PrivateFrameworks/CrashReporterSupport.framework/Versions/A/CrashReporterSupport
0x0000000001765000 	/System/Library/PrivateFrameworks/Sharing.framework/Versions/A/Sharing
0x0000000001765000 	/System/Library/PrivateFrameworks/IconServices.framework/Versions/A/IconServices
0x0000000001765000 	/System/Library/PrivateFrameworks/AuthKit.framework/Versions/A/AuthKit
0x0000000001765000 	/System/Library/PrivateFrameworks/Apple80211.framework/Versions/A/Apple80211
0x0000000001765000 	/System/Library/PrivateFrameworks/CoreUtils.framework/Versions/A/CoreUtils
0x0000000001765000 	/System/Library/Frameworks/CoreWLAN.framework/Versions/A/CoreWLAN
0x0000000001765000 	/System/Library/Frameworks/IOBluetooth.framework/Versions/A/IOBluetooth
0x0000000001765000 	/System/Library/PrivateFrameworks/ProtocolBuffer.framework/Versions/A/ProtocolBuffer
0x0000000001765000 	/System/Library/PrivateFrameworks/MobileKeyBag.framework/Versions/A/MobileKeyBag
0x0000000001765000 	/System/Library/PrivateFrameworks/CorePhoneNumbers.framework/Versions/A/CorePhoneNumbers
0x0000000001765000 	/System/Library/PrivateFrameworks/AppleIDAuthSupport.framework/Versions/A/AppleIDAuthSupport
0x0000000001765000 	/System/Library/PrivateFrameworks/KeychainCircle.framework/Versions/A/KeychainCircle
0x0000000001765000 	/System/Library/PrivateFrameworks/CoreWiFi.framework/Versions/A/CoreWiFi
0x0000000001765000 	/System/Library/Frameworks/CoreBluetooth.framework/Versions/A/CoreBluetooth
0x0000000001765000 	/System/Library/PrivateFrameworks/DebugSymbols.framework/Versions/A/DebugSymbols
0x0000000001765000 	/System/Library/PrivateFrameworks/CoreSymbolication.framework/Versions/A/CoreSymbolication
0x0000000001765000 	/System/Library/PrivateFrameworks/Symbolication.framework/Versions/A/Symbolication
0x0000000001765000 	/System/Library/PrivateFrameworks/AppleFSCompression.framework/Versions/A/AppleFSCompression
0x0000000001765000 	/System/Library/PrivateFrameworks/SpeechRecognitionCore.framework/Versions/A/SpeechRecognitionCore
0x0000000103e00000 	/Library/Java/JavaVirtualMachines/jdk1.8.0_162.jdk/Contents/Home/jre/lib/server/libjvm.dylib
0x0000000001765000 	/usr/lib/libstdc++.6.0.9.dylib
0x0000000102dc8000 	/Library/Java/JavaVirtualMachines/jdk1.8.0_162.jdk/Contents/Home/jre/lib/libverify.dylib
0x0000000104dae000 	/Library/Java/JavaVirtualMachines/jdk1.8.0_162.jdk/Contents/Home/jre/lib/libjava.dylib
0x0000000104de4000 	/Library/Java/JavaVirtualMachines/jdk1.8.0_162.jdk/Contents/Home/jre/lib/libjdwp.dylib
0x0000000102dd7000 	/Library/Java/JavaVirtualMachines/jdk1.8.0_162.jdk/Contents/Home/jre/lib/libnpt.dylib
0x0000000102ddb000 	/Library/Java/JavaVirtualMachines/jdk1.8.0_162.jdk/Contents/Home/jre/lib/libinstrument.dylib
0x0000000104ea8000 	/Library/Java/JavaVirtualMachines/jdk1.8.0_162.jdk/Contents/Home/jre/lib/libzip.dylib
0x0000000110881000 	/Library/Java/JavaVirtualMachines/jdk1.8.0_162.jdk/Contents/Home/jre/lib/libdt_socket.dylib
0x0000000121ef6000 	/Library/Java/JavaVirtualMachines/jdk1.8.0_162.jdk/Contents/Home/jre/lib/libmanagement.dylib
0x0000000121f04000 	/Library/Java/JavaVirtualMachines/jdk1.8.0_162.jdk/Contents/Home/jre/lib/libnet.dylib
0x0000000121f63000 	/Library/Java/JavaVirtualMachines/jdk1.8.0_162.jdk/Contents/Home/jre/lib/libnio.dylib

VM Arguments:
jvm_args: -agentlib:jdwp=transport=dt_socket,address=127.0.0.1:50228,suspend=y,server=n -XX:TieredStopAtLevel=1 -Xverify:none -Dspring.output.ansi.enabled=always -Dcom.sun.management.jmxremote -Dcom.sun.management.jmxremote.port=50227 -Dcom.sun.management.jmxremote.authenticate=false -Dcom.sun.management.jmxremote.ssl=false -Djava.rmi.server.hostname=127.0.0.1 -Dspring.liveBeansView.mbeanDomain -Dspring.application.admin.enabled=true -javaagent:/Users/rodrigo/Library/Caches/IntelliJIdea2018.1/captureAgent/debugger-agent.jar=file:/private/var/folders/m7/r46xkp8n43n07k1pkkmncrpr0000gn/T/capture.props -Dfile.encoding=UTF-8 
java_command: br.com.test.product.ProductApplication
java_class_path (initial): /Library/Java/JavaVirtualMachines/jdk1.8.0_162.jdk/Contents/Home/jre/lib/charsets.jar:/Library/Java/JavaVirtualMachines/jdk1.8.0_162.jdk/Contents/Home/jre/lib/deploy.jar:/Library/Java/JavaVirtualMachines/jdk1.8.0_162.jdk/Contents/Home/jre/lib/ext/cldrdata.jar:/Library/Java/JavaVirtualMachines/jdk1.8.0_162.jdk/Contents/Home/jre/lib/ext/dnsns.jar:/Library/Java/JavaVirtualMachines/jdk1.8.0_162.jdk/Contents/Home/jre/lib/ext/jaccess.jar:/Library/Java/JavaVirtualMachines/jdk1.8.0_162.jdk/Contents/Home/jre/lib/ext/jfxrt.jar:/Library/Java/JavaVirtualMachines/jdk1.8.0_162.jdk/Contents/Home/jre/lib/ext/localedata.jar:/Library/Java/JavaVirtualMachines/jdk1.8.0_162.jdk/Contents/Home/jre/lib/ext/nashorn.jar:/Library/Java/JavaVirtualMachines/jdk1.8.0_162.jdk/Contents/Home/jre/lib/ext/sunec.jar:/Library/Java/JavaVirtualMachines/jdk1.8.0_162.jdk/Contents/Home/jre/lib/ext/sunjce_provider.jar:/Library/Java/JavaVirtualMachines/jdk1.8.0_162.jdk/Contents/Home/jre/lib/ext/sunpkcs11.jar:/Library/Java/JavaVirtualMachines/jdk1.8.0_162.jdk/Contents/Home/jre/lib/ext/zipfs.jar:/Library/Java/JavaVirtualMachines/jdk1.8.0_162.jdk/Contents/Home/jre/lib/javaws.jar:/Library/Java/JavaVirtualMachines/jdk1.8.0_162.jdk/Contents/Home/jre/lib/jce.jar:/Library/Java/JavaVirtualMachines/jdk1.8.0_162.jdk/Contents/Home/jre/lib/jfr.jar:/Library/Java/JavaVirtualMachines/jdk1.8.0_162.jdk/Contents/Home/jre/lib/jfxswt.jar:/Library/Java/JavaVirtualMachines/jdk1.8.0_162.jdk/Contents/Home/jre/lib/jsse.jar:/Library/Java/JavaVirtualMachines/jdk1.8.0_162.jdk/Contents/Home/jre/lib/management-agent.jar:/Library/Java/JavaVirtualMachines/jdk1.8.0_162.jdk/Contents/Home/jre/lib/plugin.jar:/Library/Java/JavaVirtualMachines/jdk1.8.0_162.jdk/Contents/Home/jre/lib/resources.jar:/Library/Java/JavaVirtualMachines/jdk1.8.0_162.jdk/Contents/Home/jre/lib/rt.jar:/Library/Java/JavaVirtualMachines/jdk1.8.0_162.jdk/Contents/Home/lib/ant-javafx.jar:/Library/Java/JavaVirtualMachines/jdk1.8.0_162.jdk/Contents/Home
Launcher Type: SUN_STANDARD

Environment Variables:
PATH=/opt/local/bin:/opt/local/sbin:/usr/local/bin:/usr/bin:/bin:/usr/sbin:/sbin:/usr/local/share/dotnet:/Library/Frameworks/Mono.framework/Versions/Current/Commands
SHELL=/bin/bash

Signal Handlers:
SIGSEGV: [libjvm.dylib+0x5b52b5], sa_mask[0]=11111111011111110111111111111111, sa_flags=SA_ONSTACK|SA_RESTART|SA_SIGINFO
SIGBUS: [libjvm.dylib+0x5b52b5], sa_mask[0]=11111111011111110111111111111111, sa_flags=SA_RESTART|SA_SIGINFO
SIGFPE: [libjvm.dylib+0x48ac5c], sa_mask[0]=11111111011111110111111111111111, sa_flags=SA_RESTART|SA_SIGINFO
SIGPIPE: [libjvm.dylib+0x48ac5c], sa_mask[0]=11111111011111110111111111111111, sa_flags=SA_RESTART|SA_SIGINFO
SIGXFSZ: [libjvm.dylib+0x48ac5c], sa_mask[0]=11111111011111110111111111111111, sa_flags=SA_RESTART|SA_SIGINFO
SIGILL: [libjvm.dylib+0x48ac5c], sa_mask[0]=11111111011111110111111111111111, sa_flags=SA_RESTART|SA_SIGINFO
SIGUSR1: SIG_DFL, sa_mask[0]=00000000000000000000000000000000, sa_flags=none
SIGUSR2: [libjvm.dylib+0x48a77a], sa_mask[0]=00100000000000000000000000000000, sa_flags=SA_RESTART|SA_SIGINFO
SIGHUP: [libjvm.dylib+0x488d45], sa_mask[0]=11111111011111110111111111111111, sa_flags=SA_RESTART|SA_SIGINFO
SIGINT: [libjvm.dylib+0x488d45], sa_mask[0]=11111111011111110111111111111111, sa_flags=SA_RESTART|SA_SIGINFO
SIGTERM: [libjvm.dylib+0x488d45], sa_mask[0]=11111111011111110111111111111111, sa_flags=SA_RESTART|SA_SIGINFO
SIGQUIT: [libjvm.dylib+0x488d45], sa_mask[0]=11111111011111110111111111111111, sa_flags=SA_RESTART|SA_SIGINFO


---------------  S Y S T E M  ---------------

OS:Bsduname:Darwin 17.7.0 Darwin Kernel Version 17.7.0: Thu Jun 21 22:53:14 PDT 2018; root:xnu-4570.71.2~1/RELEASE_X86_64 x86_64
rlimit: STACK 8192k, CORE 0k, NPROC 1418, NOFILE 10240, AS infinity
load average:3.72 3.06 2.69

CPU:total 8 (initial active 8) (4 cores per cpu, 2 threads per core) family 6 model 70 stepping 1, cmov, cx8, fxsr, mmx, sse, sse2, sse3, ssse3, sse4.1, sse4.2, popcnt, avx, avx2, aes, clmul, erms, lzcnt, ht, tsc, tscinvbit, bmi1, bmi2

Memory: 4k page, physical 16777216k(2440088k free)

/proc/meminfo:


vm_info: Java HotSpot(TM) 64-Bit Server VM (25.162-b12) for bsd-amd64 JRE (1.8.0_162-b12), built on Dec 19 2017 17:33:35 by "java_re" with gcc 4.2.1 (Based on Apple Inc. build 5658) (LLVM build 2336.11.00)

time: Sat Aug 25 16:33:07 2018
elapsed time: 1 seconds (0d 0h 0m 1s)

